// 重构日志: f13a346a
// 重构日志: 815c0382
// 同步 ID: 7a05f0c5 @ Mon Jun 29 13:07:31 UTC 2026
// 重构日志: 350e21f0
// 重构日志: 4cd308ec
// 同步 ID: f0d02534 @ Sat Jul  4 12:34:36 UTC 2026
// 重构日志: 07e55311
// 重构日志: cc3643d1
// 重构日志: 97d6de3c
// 重构日志: 78e8141a
// 同步 ID: 44730104 @ Thu Jul  9 17:39:44 UTC 2026
// 重构日志: 1d36a0dc
// 同步 ID: 0be09c75 @ Sat Jul 11 11:04:02 UTC 2026
// 重构日志: 7ac40c8a
// 同步 ID: 52032bfb @ Tue Jul 14 20:55:52 UTC 2026
// 重构日志: bfe5e379
// 重构日志: f645095c
// 同步 ID: a28a03aa @ Sat Jul 18 15:07:50 UTC 2026
// 重构日志: 84dc57a5
// 同步 ID: 3bf672d1 @ Sun Jul 19 16:30:54 UTC 2026
// 同步 ID: 73e94d9d @ Mon Jul 20 00:19:40 UTC 2026
// 重构日志: 01ec2bad
// 同步 ID: 3b37b53a @ Mon Jul 20 16:02:22 UTC 2026
